<?xml version="1.0" encoding="UTF-8"?>
<!-- Generated by org.testng.reporters.JUnitXMLReporter -->
<testsuite ignored="0" hostname="LAPTOP-SO7U3JNL" failures="3" tests="3" name="Testrunner-1" time="76.667" errors="0" timestamp="2021-12-06T15:30:23 IST">
  <testcase classname="com.crm.comcast.conatctTest.CreateContactTest" name="createConatctWithOrgTest" time="28.12">
    <failure type="java.lang.AssertionError" message="expected [Sreeharsha m Hallur5319] but found [[ CON100 ] Sreeharsha m Hallur5319 - Contact Information]">
      <![CDATA[java.lang.AssertionError: expected [Sreeharsha m Hallur5319] but found [[ CON100 ] Sreeharsha m Hallur5319 - Contact Information]
at com.crm.comcast.conatctTest.CreateContactTest.createConatctWithOrgTest(CreateContactTest.java:114)
at java.base/java.util.ArrayList.forEach(ArrayList.java:1511)
at java.base/java.util.concurrent.FutureTask.run(FutureTask.java:264)
at java.base/java.util.concurrent.ThreadPoolExecutor.runWorker(ThreadPoolExecutor.java:1130)
at java.base/java.util.concurrent.ThreadPoolExecutor$Worker.run(ThreadPoolExecutor.java:630)
at java.base/java.lang.Thread.run(Thread.java:831)
... Removed 24 stack frames]]>
    </failure>
  </testcase> <!-- createConatctWithOrgTest -->
  <testcase classname="com.crm.comcast.conatctTest.CreateContactTest" name="createContactTest" time="12.69">
    <failure type="java.lang.AssertionError" message="expected [Sreeharsha8016] but found [[ CON101 ] Sreeharsha8016 - Contact Information]">
      <![CDATA[java.lang.AssertionError: expected [Sreeharsha8016] but found [[ CON101 ] Sreeharsha8016 - Contact Information]
at com.crm.comcast.conatctTest.CreateContactTest.createContactTest(CreateContactTest.java:59)
at java.base/java.util.ArrayList.forEach(ArrayList.java:1511)
at java.base/java.util.concurrent.FutureTask.run(FutureTask.java:264)
at java.base/java.util.concurrent.ThreadPoolExecutor.runWorker(ThreadPoolExecutor.java:1130)
at java.base/java.util.concurrent.ThreadPoolExecutor$Worker.run(ThreadPoolExecutor.java:630)
at java.base/java.lang.Thread.run(Thread.java:831)
... Removed 24 stack frames]]>
    </failure>
  </testcase> <!-- createContactTest -->
  <testcase classname="com.crm.comcast.conatctTest.CreateContactTest" name="createContact_Support_DateTest" time="12.272">
    <failure type="java.lang.AssertionError" message="expected [SreeHarsha6407] but found [[ CON102 ] SreeHarsha6407 - Contact Information]">
      <![CDATA[java.lang.AssertionError: expected [SreeHarsha6407] but found [[ CON102 ] SreeHarsha6407 - Contact Information]
at com.crm.comcast.conatctTest.CreateContactTest.createContact_Support_DateTest(CreateContactTest.java:81)
at java.base/java.util.ArrayList.forEach(ArrayList.java:1511)
at java.base/java.util.concurrent.FutureTask.run(FutureTask.java:264)
at java.base/java.util.concurrent.ThreadPoolExecutor.runWorker(ThreadPoolExecutor.java:1130)
at java.base/java.util.concurrent.ThreadPoolExecutor$Worker.run(ThreadPoolExecutor.java:630)
at java.base/java.lang.Thread.run(Thread.java:831)
... Removed 24 stack frames]]>
    </failure>
  </testcase> <!-- createContact_Support_DateTest -->
</testsuite> <!-- Testrunner-1 -->
